C:\Users\oscar.sanchez\Desktop\UNLI\Materias\Modelos y Algoritmos para Videojuegos I\Practicas\Unidad 3\Unidad 3\Clickale\Debug\cl.command.1.tlog
C:\Users\oscar.sanchez\Desktop\UNLI\Materias\Modelos y Algoritmos para Videojuegos I\Practicas\Unidad 3\Unidad 3\Clickale\Debug\CL.read.1.tlog
C:\Users\oscar.sanchez\Desktop\UNLI\Materias\Modelos y Algoritmos para Videojuegos I\Practicas\Unidad 3\Unidad 3\Clickale\Debug\CL.write.1.tlog
C:\USERS\OSCAR.SANCHEZ\DESKTOP\UNLI\MATERIAS\MODELOS Y ALGORITMOS PARA VIDEOJUEGOS I\PRACTICAS\UNIDAD 3\UNIDAD 3\CLICKALE\DEBUG\CLICKALE.EXE.EMBED.MANIFEST
C:\USERS\OSCAR.SANCHEZ\DESKTOP\UNLI\MATERIAS\MODELOS Y ALGORITMOS PARA VIDEOJUEGOS I\PRACTICAS\UNIDAD 3\UNIDAD 3\CLICKALE\DEBUG\CLICKALE.EXE.EMBED.MANIFEST.RES
C:\USERS\OSCAR.SANCHEZ\DESKTOP\UNLI\MATERIAS\MODELOS Y ALGORITMOS PARA VIDEOJUEGOS I\PRACTICAS\UNIDAD 3\UNIDAD 3\CLICKALE\DEBUG\CLICKALE.EXE.INTERMEDIATE.MANIFEST
C:\Users\oscar.sanchez\Desktop\UNLI\Materias\Modelos y Algoritmos para Videojuegos I\Practicas\Unidad 3\Unidad 3\Clickale\Debug\Clickale_manifest.rc
C:\USERS\OSCAR.SANCHEZ\DESKTOP\UNLI\MATERIAS\MODELOS Y ALGORITMOS PARA VIDEOJUEGOS I\PRACTICAS\UNIDAD 3\UNIDAD 3\CLICKALE\DEBUG\ENEMIGO.OBJ
C:\Users\oscar.sanchez\Desktop\UNLI\Materias\Modelos y Algoritmos para Videojuegos I\Practicas\Unidad 3\Unidad 3\Clickale\Debug\link.7024.read.1.tlog
C:\Users\oscar.sanchez\Desktop\UNLI\Materias\Modelos y Algoritmos para Videojuegos I\Practicas\Unidad 3\Unidad 3\Clickale\Debug\link.7024.write.1.tlog
C:\Users\oscar.sanchez\Desktop\UNLI\Materias\Modelos y Algoritmos para Videojuegos I\Practicas\Unidad 3\Unidad 3\Clickale\Debug\link.7024-cvtres.read.1.tlog
C:\Users\oscar.sanchez\Desktop\UNLI\Materias\Modelos y Algoritmos para Videojuegos I\Practicas\Unidad 3\Unidad 3\Clickale\Debug\link.7024-cvtres.write.1.tlog
C:\Users\oscar.sanchez\Desktop\UNLI\Materias\Modelos y Algoritmos para Videojuegos I\Practicas\Unidad 3\Unidad 3\Clickale\Debug\link.command.1.tlog
C:\Users\oscar.sanchez\Desktop\UNLI\Materias\Modelos y Algoritmos para Videojuegos I\Practicas\Unidad 3\Unidad 3\Clickale\Debug\link.read.1.tlog
C:\Users\oscar.sanchez\Desktop\UNLI\Materias\Modelos y Algoritmos para Videojuegos I\Practicas\Unidad 3\Unidad 3\Clickale\Debug\link.write.1.tlog
C:\Users\oscar.sanchez\Desktop\UNLI\Materias\Modelos y Algoritmos para Videojuegos I\Practicas\Unidad 3\Unidad 3\Clickale\Debug\link-cvtres.read.1.tlog
C:\Users\oscar.sanchez\Desktop\UNLI\Materias\Modelos y Algoritmos para Videojuegos I\Practicas\Unidad 3\Unidad 3\Clickale\Debug\link-cvtres.write.1.tlog
C:\USERS\OSCAR.SANCHEZ\DESKTOP\UNLI\MATERIAS\MODELOS Y ALGORITMOS PARA VIDEOJUEGOS I\PRACTICAS\UNIDAD 3\UNIDAD 3\CLICKALE\DEBUG\MAIN.OBJ
C:\Users\oscar.sanchez\Desktop\UNLI\Materias\Modelos y Algoritmos para Videojuegos I\Practicas\Unidad 3\Unidad 3\Clickale\Debug\mt.command.1.tlog
C:\Users\oscar.sanchez\Desktop\UNLI\Materias\Modelos y Algoritmos para Videojuegos I\Practicas\Unidad 3\Unidad 3\Clickale\Debug\mt.read.1.tlog
C:\Users\oscar.sanchez\Desktop\UNLI\Materias\Modelos y Algoritmos para Videojuegos I\Practicas\Unidad 3\Unidad 3\Clickale\Debug\mt.write.1.tlog
C:\Users\oscar.sanchez\Desktop\UNLI\Materias\Modelos y Algoritmos para Videojuegos I\Practicas\Unidad 3\Unidad 3\Clickale\Debug\rc.command.1.tlog
C:\Users\oscar.sanchez\Desktop\UNLI\Materias\Modelos y Algoritmos para Videojuegos I\Practicas\Unidad 3\Unidad 3\Clickale\Debug\rc.read.1.tlog
C:\Users\oscar.sanchez\Desktop\UNLI\Materias\Modelos y Algoritmos para Videojuegos I\Practicas\Unidad 3\Unidad 3\Clickale\Debug\rc.write.1.tlog
C:\Users\oscar.sanchez\Desktop\UNLI\Materias\Modelos y Algoritmos para Videojuegos I\Practicas\Unidad 3\Unidad 3\Clickale\Debug\vc100.idb
C:\USERS\OSCAR.SANCHEZ\DESKTOP\UNLI\MATERIAS\MODELOS Y ALGORITMOS PARA VIDEOJUEGOS I\PRACTICAS\UNIDAD 3\UNIDAD 3\CLICKALE\DEBUG\VC100.PDB
C:\USERS\OSCAR.SANCHEZ\DESKTOP\UNLI\MATERIAS\MODELOS Y ALGORITMOS PARA VIDEOJUEGOS I\PRACTICAS\UNIDAD 3\UNIDAD 3\DEBUG\CLICKALE.EXE
C:\USERS\OSCAR.SANCHEZ\DESKTOP\UNLI\MATERIAS\MODELOS Y ALGORITMOS PARA VIDEOJUEGOS I\PRACTICAS\UNIDAD 3\UNIDAD 3\DEBUG\CLICKALE.ILK
C:\USERS\OSCAR.SANCHEZ\DESKTOP\UNLI\MATERIAS\MODELOS Y ALGORITMOS PARA VIDEOJUEGOS I\PRACTICAS\UNIDAD 3\UNIDAD 3\DEBUG\CLICKALE.PDB
