Build started 21/05/2013 01:23:12 a.m..
     1>Project "C:\GLB_Proyectos\UNLI\UNLI\Materias\Modelos y Algoritmos para Videojuegos II\Practicas\U3\Ejercicio_1\Ejercicio_1\Ejercicio_1.vcxproj" on node 2 (build target(s)).
     1>InitializeBuildStatus:
         Creating "Debug\Ejercicio_1.unsuccessfulbuild" because "AlwaysCreate" was specified.
       ClCompile:
         C:\Program Files (x86)\Microsoft Visual Studio 10.0\VC\bin\CL.exe /c /I"C:\SFML2.0\SFML-2.0\include" /IC:\Box2D\Box2D_v2.1.2 /ZI /nologo /W3 /WX- /Od /Oy- /D WIN32 /D _DEBUG /D _WINDOWS /D _UNICODE /D UNICODE /Gm /EHsc /RTC1 /MDd /GS /fp:precise /Zc:wchar_t /Zc:forScope /Fo"Debug\\" /Fd"Debug\vc100.pdb" /Gd /TP /analyze- /errorReport:prompt main.cpp
         main.cpp
     1>c:\glb_proyectos\unli\unli\materias\modelos y algoritmos para videojuegos ii\practicas\u3\ejercicio_1\ejercicio_1\main.cpp(42): warning C4482: nonstandard extension used: enum 'b2BodyType' used in qualified name
     1>c:\glb_proyectos\unli\unli\materias\modelos y algoritmos para videojuegos ii\practicas\u3\ejercicio_1\ejercicio_1\main.cpp(60): warning C4482: nonstandard extension used: enum 'b2BodyType' used in qualified name
     1>c:\glb_proyectos\unli\unli\materias\modelos y algoritmos para videojuegos ii\practicas\u3\ejercicio_1\ejercicio_1\main.cpp(71): warning C4102: 'sf' : unreferenced label
       ManifestResourceCompile:
         All outputs are up-to-date.
       Link:
         C:\Program Files (x86)\Microsoft Visual Studio 10.0\VC\bin\link.exe /ERRORREPORT:PROMPT /OUT:"C:\GLB_Proyectos\UNLI\UNLI\Materias\Modelos y Algoritmos para Videojuegos II\Practicas\U3\Ejercicio_1\Debug\Ejercicio_1.exe" /INCREMENTAL /NOLOGO /LIBPATH:C:\Box2D\Box2D_v2.1.2\libs\2010\Debug /LIBPATH:"C:\SFML2.0\SFML-2.0\lib" opengl32.lib glu32.lib Box2D.lib "sfml-main-d.lib" "sfml-graphics-d.lib" "sfml-window-d.lib" "sfml-system-d.lib" kernel32.lib user32.lib gdi32.lib winspool.lib comdlg32.lib advapi32.lib shell32.lib ole32.lib oleaut32.lib uuid.lib odbc32.lib odbccp32.lib /MANIFEST /ManifestFile:"Debug\Ejercicio_1.exe.intermediate.manifest" /MANIFESTUAC:"level='asInvoker' uiAccess='false'" /DEBUG /PDB:"C:\GLB_Proyectos\UNLI\UNLI\Materias\Modelos y Algoritmos para Videojuegos II\Practicas\U3\Ejercicio_1\Debug\Ejercicio_1.pdb" /SUBSYSTEM:WINDOWS /TLBID:1 /DYNAMICBASE /NXCOMPAT /IMPLIB:"C:\GLB_Proyectos\UNLI\UNLI\Materias\Modelos y Algoritmos para Videojuegos II\Practicas\U3\Ejercicio_1\Debug\Ejercicio_1.lib" /MACHINE:X86 Debug\Ejercicio_1.exe.embed.manifest.res
         Debug\Game.obj
         Debug\main.obj
         Debug\SFMLRenderer.obj
     1>sfml-main-d.lib(SFML_Main.cpp.obj) : warning LNK4099: PDB 'sfml-main-d.pdb' was not found with 'sfml-main-d.lib(SFML_Main.cpp.obj)' or at 'C:\GLB_Proyectos\UNLI\UNLI\Materias\Modelos y Algoritmos para Videojuegos II\Practicas\U3\Ejercicio_1\Debug\sfml-main-d.pdb'; linking object as if no debug info
       Manifest:
         C:\Program Files (x86)\Microsoft SDKs\Windows\v7.0A\bin\mt.exe /nologo /verbose /out:"Debug\Ejercicio_1.exe.embed.manifest" /manifest Debug\Ejercicio_1.exe.intermediate.manifest
         All outputs are up-to-date.
       LinkEmbedManifest:
         All outputs are up-to-date.
         Ejercicio_1.vcxproj -> C:\GLB_Proyectos\UNLI\UNLI\Materias\Modelos y Algoritmos para Videojuegos II\Practicas\U3\Ejercicio_1\Debug\Ejercicio_1.exe
       FinalizeBuildStatus:
         Deleting file "Debug\Ejercicio_1.unsuccessfulbuild".
         Touching "Debug\Ejercicio_1.lastbuildstate".
     1>Done Building Project "C:\GLB_Proyectos\UNLI\UNLI\Materias\Modelos y Algoritmos para Videojuegos II\Practicas\U3\Ejercicio_1\Ejercicio_1\Ejercicio_1.vcxproj" (build target(s)).

Build succeeded.

Time Elapsed 00:00:01.96
