C:\GLB_PROYECTOS\UNLI\UNLI\MATERIAS\MODELOS Y ALGORITMOS PARA VIDEOJUEGOS II\PRACTICAS\U3\EJERCICIO_1\DEBUG\EJERCICIO_1.EXE
C:\GLB_PROYECTOS\UNLI\UNLI\MATERIAS\MODELOS Y ALGORITMOS PARA VIDEOJUEGOS II\PRACTICAS\U3\EJERCICIO_1\DEBUG\EJERCICIO_1.ILK
C:\GLB_PROYECTOS\UNLI\UNLI\MATERIAS\MODELOS Y ALGORITMOS PARA VIDEOJUEGOS II\PRACTICAS\U3\EJERCICIO_1\DEBUG\EJERCICIO_1.PDB
C:\GLB_Proyectos\UNLI\UNLI\Materias\Modelos y Algoritmos para Videojuegos II\Practicas\U3\Ejercicio_1\Ejercicio_1\Debug\cl.command.1.tlog
C:\GLB_Proyectos\UNLI\UNLI\Materias\Modelos y Algoritmos para Videojuegos II\Practicas\U3\Ejercicio_1\Ejercicio_1\Debug\CL.read.1.tlog
C:\GLB_Proyectos\UNLI\UNLI\Materias\Modelos y Algoritmos para Videojuegos II\Practicas\U3\Ejercicio_1\Ejercicio_1\Debug\CL.write.1.tlog
C:\GLB_PROYECTOS\UNLI\UNLI\MATERIAS\MODELOS Y ALGORITMOS PARA VIDEOJUEGOS II\PRACTICAS\U3\EJERCICIO_1\EJERCICIO_1\DEBUG\EJERCICIO_1.EXE.EMBED.MANIFEST
C:\GLB_PROYECTOS\UNLI\UNLI\MATERIAS\MODELOS Y ALGORITMOS PARA VIDEOJUEGOS II\PRACTICAS\U3\EJERCICIO_1\EJERCICIO_1\DEBUG\EJERCICIO_1.EXE.EMBED.MANIFEST.RES
C:\GLB_PROYECTOS\UNLI\UNLI\MATERIAS\MODELOS Y ALGORITMOS PARA VIDEOJUEGOS II\PRACTICAS\U3\EJERCICIO_1\EJERCICIO_1\DEBUG\EJERCICIO_1.EXE.INTERMEDIATE.MANIFEST
C:\GLB_Proyectos\UNLI\UNLI\Materias\Modelos y Algoritmos para Videojuegos II\Practicas\U3\Ejercicio_1\Ejercicio_1\Debug\Ejercicio_1_manifest.rc
C:\GLB_PROYECTOS\UNLI\UNLI\MATERIAS\MODELOS Y ALGORITMOS PARA VIDEOJUEGOS II\PRACTICAS\U3\EJERCICIO_1\EJERCICIO_1\DEBUG\GAME.OBJ
C:\GLB_Proyectos\UNLI\UNLI\Materias\Modelos y Algoritmos para Videojuegos II\Practicas\U3\Ejercicio_1\Ejercicio_1\Debug\link.6696.read.1.tlog
C:\GLB_Proyectos\UNLI\UNLI\Materias\Modelos y Algoritmos para Videojuegos II\Practicas\U3\Ejercicio_1\Ejercicio_1\Debug\link.6696.read.2.tlog
C:\GLB_Proyectos\UNLI\UNLI\Materias\Modelos y Algoritmos para Videojuegos II\Practicas\U3\Ejercicio_1\Ejercicio_1\Debug\link.6696.write.1.tlog
C:\GLB_Proyectos\UNLI\UNLI\Materias\Modelos y Algoritmos para Videojuegos II\Practicas\U3\Ejercicio_1\Ejercicio_1\Debug\link.6696-cvtres.read.1.tlog
C:\GLB_Proyectos\UNLI\UNLI\Materias\Modelos y Algoritmos para Videojuegos II\Practicas\U3\Ejercicio_1\Ejercicio_1\Debug\link.6696-cvtres.write.1.tlog
C:\GLB_Proyectos\UNLI\UNLI\Materias\Modelos y Algoritmos para Videojuegos II\Practicas\U3\Ejercicio_1\Ejercicio_1\Debug\link.command.1.tlog
C:\GLB_Proyectos\UNLI\UNLI\Materias\Modelos y Algoritmos para Videojuegos II\Practicas\U3\Ejercicio_1\Ejercicio_1\Debug\link.read.1.tlog
C:\GLB_Proyectos\UNLI\UNLI\Materias\Modelos y Algoritmos para Videojuegos II\Practicas\U3\Ejercicio_1\Ejercicio_1\Debug\link.read.2.tlog
C:\GLB_Proyectos\UNLI\UNLI\Materias\Modelos y Algoritmos para Videojuegos II\Practicas\U3\Ejercicio_1\Ejercicio_1\Debug\link.write.1.tlog
C:\GLB_Proyectos\UNLI\UNLI\Materias\Modelos y Algoritmos para Videojuegos II\Practicas\U3\Ejercicio_1\Ejercicio_1\Debug\link-cvtres.read.1.tlog
C:\GLB_Proyectos\UNLI\UNLI\Materias\Modelos y Algoritmos para Videojuegos II\Practicas\U3\Ejercicio_1\Ejercicio_1\Debug\link-cvtres.write.1.tlog
C:\GLB_PROYECTOS\UNLI\UNLI\MATERIAS\MODELOS Y ALGORITMOS PARA VIDEOJUEGOS II\PRACTICAS\U3\EJERCICIO_1\EJERCICIO_1\DEBUG\MAIN.OBJ
C:\GLB_Proyectos\UNLI\UNLI\Materias\Modelos y Algoritmos para Videojuegos II\Practicas\U3\Ejercicio_1\Ejercicio_1\Debug\mt.command.1.tlog
C:\GLB_Proyectos\UNLI\UNLI\Materias\Modelos y Algoritmos para Videojuegos II\Practicas\U3\Ejercicio_1\Ejercicio_1\Debug\mt.read.1.tlog
C:\GLB_Proyectos\UNLI\UNLI\Materias\Modelos y Algoritmos para Videojuegos II\Practicas\U3\Ejercicio_1\Ejercicio_1\Debug\mt.write.1.tlog
C:\GLB_Proyectos\UNLI\UNLI\Materias\Modelos y Algoritmos para Videojuegos II\Practicas\U3\Ejercicio_1\Ejercicio_1\Debug\rc.command.1.tlog
C:\GLB_Proyectos\UNLI\UNLI\Materias\Modelos y Algoritmos para Videojuegos II\Practicas\U3\Ejercicio_1\Ejercicio_1\Debug\rc.read.1.tlog
C:\GLB_Proyectos\UNLI\UNLI\Materias\Modelos y Algoritmos para Videojuegos II\Practicas\U3\Ejercicio_1\Ejercicio_1\Debug\rc.write.1.tlog
C:\GLB_PROYECTOS\UNLI\UNLI\MATERIAS\MODELOS Y ALGORITMOS PARA VIDEOJUEGOS II\PRACTICAS\U3\EJERCICIO_1\EJERCICIO_1\DEBUG\SFMLRENDERER.OBJ
C:\GLB_Proyectos\UNLI\UNLI\Materias\Modelos y Algoritmos para Videojuegos II\Practicas\U3\Ejercicio_1\Ejercicio_1\Debug\vc100.idb
C:\GLB_PROYECTOS\UNLI\UNLI\MATERIAS\MODELOS Y ALGORITMOS PARA VIDEOJUEGOS II\PRACTICAS\U3\EJERCICIO_1\EJERCICIO_1\DEBUG\VC100.PDB
