Build started 02/11/2012 01:18:48 a.m..
     1>Project "C:\Users\oscar.sanchez\Desktop\UNLI\Materias\Modelos y Algoritmos para Videojuegos I\Practicas\TP_Final\TP_Final\TP_Final.vcxproj" on node 2 (rebuild target(s)).
     1>InitializeBuildStatus:
         Creating "Release\TP_Final.unsuccessfulbuild" because "AlwaysCreate" was specified.
       ClCompile:
         C:\Program Files (x86)\Microsoft Visual Studio 10.0\VC\bin\CL.exe /c /I"C:\SFML-1.6\include" /Zi /nologo /W3 /WX- /O2 /Oi /Oy- /GL /D WIN32 /D NDEBUG /D _CONSOLE /D _UNICODE /D UNICODE /Gm- /EHsc /MD /GS /Gy /fp:precise /Zc:wchar_t /Zc:forScope /Fo"Release\\" /Fd"Release\vc100.pdb" /Gd /TP /analyze- /errorReport:prompt Hud.cpp Circulo.cpp Game.cpp Letra.cpp main.cpp Zone.cpp
         Hud.cpp
         Circulo.cpp
         Game.cpp
         Letra.cpp
         main.cpp
         Zone.cpp
       Link:
         C:\Program Files (x86)\Microsoft Visual Studio 10.0\VC\bin\link.exe /ERRORREPORT:PROMPT /OUT:"C:\Users\oscar.sanchez\Desktop\UNLI\Materias\Modelos y Algoritmos para Videojuegos I\Practicas\TP_Final\Release\TP_Final.exe" /INCREMENTAL:NO /NOLOGO /LIBPATH:"C:\SFML-1.6\lib\vc2008" "sfml-window-s.lib" "sfml-system-s.lib" "sfml-network-s.lib" "sfml-main.lib" "sfml-graphics-s.lib" "sfml-audio-s.lib" kernel32.lib user32.lib gdi32.lib winspool.lib comdlg32.lib advapi32.lib shell32.lib ole32.lib oleaut32.lib uuid.lib odbc32.lib odbccp32.lib /NODEFAULTLIB:LIBCMT /MANIFEST /ManifestFile:"Release\TP_Final.exe.intermediate.manifest" /MANIFESTUAC:"level='asInvoker' uiAccess='false'" /DEBUG /PDB:"C:\Users\oscar.sanchez\Desktop\UNLI\Materias\Modelos y Algoritmos para Videojuegos I\Practicas\TP_Final\Release\TP_Final.pdb" /SUBSYSTEM:CONSOLE /OPT:REF /OPT:ICF /LTCG /TLBID:1 /DYNAMICBASE /NXCOMPAT /IMPLIB:"C:\Users\oscar.sanchez\Desktop\UNLI\Materias\Modelos y Algoritmos para Videojuegos I\Practicas\TP_Final\Release\TP_Final.lib" /MACHINE:X86 Release\Hud.obj
         Release\Circulo.obj
         Release\Game.obj
         Release\Letra.obj
         Release\main.obj
         Release\Zone.obj
         Generating code
         Finished generating code
         TP_Final.vcxproj -> C:\Users\oscar.sanchez\Desktop\UNLI\Materias\Modelos y Algoritmos para Videojuegos I\Practicas\TP_Final\Release\TP_Final.exe
       Manifest:
         C:\Program Files (x86)\Microsoft SDKs\Windows\v7.0A\bin\mt.exe /nologo /verbose /outputresource:"C:\Users\oscar.sanchez\Desktop\UNLI\Materias\Modelos y Algoritmos para Videojuegos I\Practicas\TP_Final\Release\TP_Final.exe;#1" /manifest Release\TP_Final.exe.intermediate.manifest
       FinalizeBuildStatus:
         Deleting file "Release\TP_Final.unsuccessfulbuild".
         Touching "Release\TP_Final.lastbuildstate".
     1>Done Building Project "C:\Users\oscar.sanchez\Desktop\UNLI\Materias\Modelos y Algoritmos para Videojuegos I\Practicas\TP_Final\TP_Final\TP_Final.vcxproj" (rebuild target(s)).

Build succeeded.

Time Elapsed 00:00:08.15
