Build started 22/10/2012 12:55:06 a.m..
     1>Project "C:\Users\oscar.sanchez\Desktop\UNLI\Materias\Modelos y Algoritmos para Videojuegos I\Practicas\Unidad 3\Unidad 3\Alpha\Alpha.vcxproj" on node 2 (build target(s)).
     1>InitializeBuildStatus:
         Touching "Debug\Alpha.unsuccessfulbuild".
       ClCompile:
         C:\Program Files (x86)\Microsoft Visual Studio 10.0\VC\bin\CL.exe /c /I"C:\SFML-1.6\include" /ZI /nologo /W3 /WX- /Od /Oy- /D WIN32 /D _DEBUG /D _CONSOLE /D _UNICODE /D UNICODE /Gm /EHsc /RTC1 /MDd /GS /fp:precise /Zc:wchar_t /Zc:forScope /Fo"Debug\\" /Fd"Debug\vc100.pdb" /Gd /TP /analyze- /errorReport:prompt main.cpp
         main.cpp
     1>c:\users\oscar.sanchez\desktop\unli\materias\modelos y algoritmos para videojuegos i\practicas\unidad 3\unidad 3\alpha\main.cpp(16): warning C4482: nonstandard extension used: enum 'sf::Blend::Mode' used in qualified name
     1>c:\users\oscar.sanchez\desktop\unli\materias\modelos y algoritmos para videojuegos i\practicas\unidad 3\unidad 3\alpha\main.cpp(65): warning C4244: '=' : conversion from 'float' to 'int', possible loss of data
       ManifestResourceCompile:
         All outputs are up-to-date.
       Link:
         C:\Program Files (x86)\Microsoft Visual Studio 10.0\VC\bin\link.exe /ERRORREPORT:PROMPT /OUT:"C:\Users\oscar.sanchez\Desktop\UNLI\Materias\Modelos y Algoritmos para Videojuegos I\Practicas\Unidad 3\Unidad 3\Debug\Alpha.exe" /INCREMENTAL /NOLOGO /LIBPATH:"C:\SFML-1.6\lib\vc2008" "sfml-window-s-d.lib" "sfml-system-s-d.lib" "sfml-network-s-d.lib" "sfml-main-d.lib" "sfml-graphics-s-d.lib" "sfml-audio-s-d.lib" kernel32.lib user32.lib gdi32.lib winspool.lib comdlg32.lib advapi32.lib shell32.lib ole32.lib oleaut32.lib uuid.lib odbc32.lib odbccp32.lib /MANIFEST /ManifestFile:"Debug\Alpha.exe.intermediate.manifest" /MANIFESTUAC:"level='asInvoker' uiAccess='false'" /DEBUG /PDB:"C:\Users\oscar.sanchez\Desktop\UNLI\Materias\Modelos y Algoritmos para Videojuegos I\Practicas\Unidad 3\Unidad 3\Debug\Alpha.pdb" /SUBSYSTEM:CONSOLE /TLBID:1 /DYNAMICBASE /NXCOMPAT /IMPLIB:"C:\Users\oscar.sanchez\Desktop\UNLI\Materias\Modelos y Algoritmos para Videojuegos I\Practicas\Unidad 3\Unidad 3\Debug\Alpha.lib" /MACHINE:X86 Debug\Alpha.exe.embed.manifest.res
         Debug\main.obj
       Manifest:
         C:\Program Files (x86)\Microsoft SDKs\Windows\v7.0A\bin\mt.exe /nologo /verbose /out:"Debug\Alpha.exe.embed.manifest" /manifest Debug\Alpha.exe.intermediate.manifest
         All outputs are up-to-date.
       LinkEmbedManifest:
         All outputs are up-to-date.
         Alpha.vcxproj -> C:\Users\oscar.sanchez\Desktop\UNLI\Materias\Modelos y Algoritmos para Videojuegos I\Practicas\Unidad 3\Unidad 3\Debug\Alpha.exe
       FinalizeBuildStatus:
         Deleting file "Debug\Alpha.unsuccessfulbuild".
         Touching "Debug\Alpha.lastbuildstate".
     1>Done Building Project "C:\Users\oscar.sanchez\Desktop\UNLI\Materias\Modelos y Algoritmos para Videojuegos I\Practicas\Unidad 3\Unidad 3\Alpha\Alpha.vcxproj" (build target(s)).

Build succeeded.

Time Elapsed 00:00:02.85
