C:\USERS\OSCAR.SANCHEZ\DESKTOP\UNLI\MATERIAS\MODELOS Y ALGORITMOS PARA VIDEOJUEGOS I\PRACTICAS\TP_FINAL\DEBUG\TP_FINAL.EXE
C:\USERS\OSCAR.SANCHEZ\DESKTOP\UNLI\MATERIAS\MODELOS Y ALGORITMOS PARA VIDEOJUEGOS I\PRACTICAS\TP_FINAL\DEBUG\TP_FINAL.ILK
C:\USERS\OSCAR.SANCHEZ\DESKTOP\UNLI\MATERIAS\MODELOS Y ALGORITMOS PARA VIDEOJUEGOS I\PRACTICAS\TP_FINAL\DEBUG\TP_FINAL.PDB
C:\USERS\OSCAR.SANCHEZ\DESKTOP\UNLI\MATERIAS\MODELOS Y ALGORITMOS PARA VIDEOJUEGOS I\PRACTICAS\TP_FINAL\TP_FINAL\DEBUG\CIRCULO.OBJ
C:\Users\oscar.sanchez\Desktop\UNLI\Materias\Modelos y Algoritmos para Videojuegos I\Practicas\TP_Final\TP_Final\Debug\cl.command.1.tlog
C:\Users\oscar.sanchez\Desktop\UNLI\Materias\Modelos y Algoritmos para Videojuegos I\Practicas\TP_Final\TP_Final\Debug\CL.read.1.tlog
C:\Users\oscar.sanchez\Desktop\UNLI\Materias\Modelos y Algoritmos para Videojuegos I\Practicas\TP_Final\TP_Final\Debug\CL.write.1.tlog
C:\USERS\OSCAR.SANCHEZ\DESKTOP\UNLI\MATERIAS\MODELOS Y ALGORITMOS PARA VIDEOJUEGOS I\PRACTICAS\TP_FINAL\TP_FINAL\DEBUG\GAME.OBJ
C:\USERS\OSCAR.SANCHEZ\DESKTOP\UNLI\MATERIAS\MODELOS Y ALGORITMOS PARA VIDEOJUEGOS I\PRACTICAS\TP_FINAL\TP_FINAL\DEBUG\HUD.OBJ
C:\USERS\OSCAR.SANCHEZ\DESKTOP\UNLI\MATERIAS\MODELOS Y ALGORITMOS PARA VIDEOJUEGOS I\PRACTICAS\TP_FINAL\TP_FINAL\DEBUG\LETRA.OBJ
C:\Users\oscar.sanchez\Desktop\UNLI\Materias\Modelos y Algoritmos para Videojuegos I\Practicas\TP_Final\TP_Final\Debug\link.13540.read.1.tlog
C:\Users\oscar.sanchez\Desktop\UNLI\Materias\Modelos y Algoritmos para Videojuegos I\Practicas\TP_Final\TP_Final\Debug\link.13540.write.1.tlog
C:\Users\oscar.sanchez\Desktop\UNLI\Materias\Modelos y Algoritmos para Videojuegos I\Practicas\TP_Final\TP_Final\Debug\link.13540-cvtres.read.1.tlog
C:\Users\oscar.sanchez\Desktop\UNLI\Materias\Modelos y Algoritmos para Videojuegos I\Practicas\TP_Final\TP_Final\Debug\link.13540-cvtres.write.1.tlog
C:\Users\oscar.sanchez\Desktop\UNLI\Materias\Modelos y Algoritmos para Videojuegos I\Practicas\TP_Final\TP_Final\Debug\link.command.1.tlog
C:\Users\oscar.sanchez\Desktop\UNLI\Materias\Modelos y Algoritmos para Videojuegos I\Practicas\TP_Final\TP_Final\Debug\link.read.1.tlog
C:\Users\oscar.sanchez\Desktop\UNLI\Materias\Modelos y Algoritmos para Videojuegos I\Practicas\TP_Final\TP_Final\Debug\link.write.1.tlog
C:\Users\oscar.sanchez\Desktop\UNLI\Materias\Modelos y Algoritmos para Videojuegos I\Practicas\TP_Final\TP_Final\Debug\link-cvtres.read.1.tlog
C:\Users\oscar.sanchez\Desktop\UNLI\Materias\Modelos y Algoritmos para Videojuegos I\Practicas\TP_Final\TP_Final\Debug\link-cvtres.write.1.tlog
C:\USERS\OSCAR.SANCHEZ\DESKTOP\UNLI\MATERIAS\MODELOS Y ALGORITMOS PARA VIDEOJUEGOS I\PRACTICAS\TP_FINAL\TP_FINAL\DEBUG\MAIN.OBJ
C:\Users\oscar.sanchez\Desktop\UNLI\Materias\Modelos y Algoritmos para Videojuegos I\Practicas\TP_Final\TP_Final\Debug\mt.command.1.tlog
C:\Users\oscar.sanchez\Desktop\UNLI\Materias\Modelos y Algoritmos para Videojuegos I\Practicas\TP_Final\TP_Final\Debug\mt.read.1.tlog
C:\Users\oscar.sanchez\Desktop\UNLI\Materias\Modelos y Algoritmos para Videojuegos I\Practicas\TP_Final\TP_Final\Debug\mt.write.1.tlog
C:\Users\oscar.sanchez\Desktop\UNLI\Materias\Modelos y Algoritmos para Videojuegos I\Practicas\TP_Final\TP_Final\Debug\rc.command.1.tlog
C:\Users\oscar.sanchez\Desktop\UNLI\Materias\Modelos y Algoritmos para Videojuegos I\Practicas\TP_Final\TP_Final\Debug\rc.read.1.tlog
C:\Users\oscar.sanchez\Desktop\UNLI\Materias\Modelos y Algoritmos para Videojuegos I\Practicas\TP_Final\TP_Final\Debug\rc.write.1.tlog
C:\USERS\OSCAR.SANCHEZ\DESKTOP\UNLI\MATERIAS\MODELOS Y ALGORITMOS PARA VIDEOJUEGOS I\PRACTICAS\TP_FINAL\TP_FINAL\DEBUG\TP_FINAL.EXE.EMBED.MANIFEST
C:\USERS\OSCAR.SANCHEZ\DESKTOP\UNLI\MATERIAS\MODELOS Y ALGORITMOS PARA VIDEOJUEGOS I\PRACTICAS\TP_FINAL\TP_FINAL\DEBUG\TP_FINAL.EXE.EMBED.MANIFEST.RES
C:\USERS\OSCAR.SANCHEZ\DESKTOP\UNLI\MATERIAS\MODELOS Y ALGORITMOS PARA VIDEOJUEGOS I\PRACTICAS\TP_FINAL\TP_FINAL\DEBUG\TP_FINAL.EXE.INTERMEDIATE.MANIFEST
C:\Users\oscar.sanchez\Desktop\UNLI\Materias\Modelos y Algoritmos para Videojuegos I\Practicas\TP_Final\TP_Final\Debug\TP_Final_manifest.rc
C:\Users\oscar.sanchez\Desktop\UNLI\Materias\Modelos y Algoritmos para Videojuegos I\Practicas\TP_Final\TP_Final\Debug\vc100.idb
C:\USERS\OSCAR.SANCHEZ\DESKTOP\UNLI\MATERIAS\MODELOS Y ALGORITMOS PARA VIDEOJUEGOS I\PRACTICAS\TP_FINAL\TP_FINAL\DEBUG\VC100.PDB
C:\USERS\OSCAR.SANCHEZ\DESKTOP\UNLI\MATERIAS\MODELOS Y ALGORITMOS PARA VIDEOJUEGOS I\PRACTICAS\TP_FINAL\TP_FINAL\DEBUG\ZONE.OBJ
