Build started 20/10/2012 11:23:27 p.m..
     1>Project "C:\Users\oscar.sanchez\Desktop\UNLI\Materias\Modelos y Algoritmos para Videojuegos I\Practicas\Unidad 3\Unidad 3\Secuencias\Secuencias.vcxproj" on node 2 (build target(s)).
     1>InitializeBuildStatus:
         Creating "Debug\Secuencias.unsuccessfulbuild" because "AlwaysCreate" was specified.
       ClCompile:
         C:\Program Files (x86)\Microsoft Visual Studio 10.0\VC\bin\CL.exe /c /I"C:\SFML-1.6\include" /ZI /nologo /W3 /WX- /Od /Oy- /D WIN32 /D _DEBUG /D _CONSOLE /D _UNICODE /D UNICODE /Gm /EHsc /RTC1 /MDd /GS /fp:precise /Zc:wchar_t /Zc:forScope /Fo"Debug\\" /Fd"Debug\vc100.pdb" /Gd /TP /analyze- /errorReport:prompt main.cpp
         main.cpp
       ManifestResourceCompile:
         All outputs are up-to-date.
       Link:
         C:\Program Files (x86)\Microsoft Visual Studio 10.0\VC\bin\link.exe /ERRORREPORT:PROMPT /OUT:"C:\Users\oscar.sanchez\Desktop\UNLI\Materias\Modelos y Algoritmos para Videojuegos I\Practicas\Unidad 3\Unidad 3\Debug\Secuencias.exe" /INCREMENTAL /NOLOGO /LIBPATH:"C:\SFML-1.6\lib\vc2008" "sfml-window-s-d.lib" "sfml-system-s-d.lib" "sfml-network-s-d.lib" "sfml-main-d.lib" "sfml-graphics-s-d.lib" "sfml-audio-s-d.lib" kernel32.lib user32.lib gdi32.lib winspool.lib comdlg32.lib advapi32.lib shell32.lib ole32.lib oleaut32.lib uuid.lib odbc32.lib odbccp32.lib /MANIFEST /ManifestFile:"Debug\Secuencias.exe.intermediate.manifest" /MANIFESTUAC:"level='asInvoker' uiAccess='false'" /DEBUG /PDB:"C:\Users\oscar.sanchez\Desktop\UNLI\Materias\Modelos y Algoritmos para Videojuegos I\Practicas\Unidad 3\Unidad 3\Debug\Secuencias.pdb" /SUBSYSTEM:CONSOLE /TLBID:1 /DYNAMICBASE /NXCOMPAT /IMPLIB:"C:\Users\oscar.sanchez\Desktop\UNLI\Materias\Modelos y Algoritmos para Videojuegos I\Practicas\Unidad 3\Unidad 3\Debug\Secuencias.lib" /MACHINE:X86 Debug\Secuencias.exe.embed.manifest.res
         Debug\main.obj
       Manifest:
         C:\Program Files (x86)\Microsoft SDKs\Windows\v7.0A\bin\mt.exe /nologo /verbose /out:"Debug\Secuencias.exe.embed.manifest" /manifest Debug\Secuencias.exe.intermediate.manifest
         All outputs are up-to-date.
       LinkEmbedManifest:
         All outputs are up-to-date.
         Secuencias.vcxproj -> C:\Users\oscar.sanchez\Desktop\UNLI\Materias\Modelos y Algoritmos para Videojuegos I\Practicas\Unidad 3\Unidad 3\Debug\Secuencias.exe
       FinalizeBuildStatus:
         Deleting file "Debug\Secuencias.unsuccessfulbuild".
         Touching "Debug\Secuencias.lastbuildstate".
     1>Done Building Project "C:\Users\oscar.sanchez\Desktop\UNLI\Materias\Modelos y Algoritmos para Videojuegos I\Practicas\Unidad 3\Unidad 3\Secuencias\Secuencias.vcxproj" (build target(s)).

Build succeeded.

Time Elapsed 00:00:04.84
